<?xml version="1.0" encoding="UTF-8"?>
<!-- Generated by org.testng.reporters.JUnitReportReporter -->
<testsuite hostname="Rehaan-PC" name="com.techm.xmlfiles.ReadingXMLFile" tests="1" failures="0" timestamp="29 Jun 2015 19:56:46 GMT" time="0.020" errors="0">
  <testcase name="f" time="0.020" classname="com.techm.xmlfiles.ReadingXMLFile"/>
</testsuite> <!-- com.techm.xmlfiles.ReadingXMLFile -->
